2024/12/10 08:35:12 [emerg] 1#1: open() "/etc/nginx/conf.d/inc/frontend.conf" failed (2: No such file or directory) in /etc/nginx/conf.d/nginx.conf:10
2024/12/10 08:35:13 [emerg] 1#1: open() "/etc/nginx/conf.d/inc/frontend.conf" failed (2: No such file or directory) in /etc/nginx/conf.d/nginx.conf:10
2024/12/10 08:35:14 [emerg] 1#1: open() "/etc/nginx/conf.d/inc/frontend.conf" failed (2: No such file or directory) in /etc/nginx/conf.d/nginx.conf:10
2024/12/10 08:35:15 [emerg] 1#1: open() "/etc/nginx/conf.d/inc/frontend.conf" failed (2: No such file or directory) in /etc/nginx/conf.d/nginx.conf:10
2024/12/10 08:35:17 [emerg] 1#1: open() "/etc/nginx/conf.d/inc/frontend.conf" failed (2: No such file or directory) in /etc/nginx/conf.d/nginx.conf:10
2024/12/10 08:35:19 [emerg] 1#1: open() "/etc/nginx/conf.d/inc/frontend.conf" failed (2: No such file or directory) in /etc/nginx/conf.d/nginx.conf:10
2024/12/10 08:35:23 [emerg] 1#1: open() "/etc/nginx/conf.d/inc/frontend.conf" failed (2: No such file or directory) in /etc/nginx/conf.d/nginx.conf:10
2024/12/10 08:35:31 [emerg] 1#1: open() "/etc/nginx/conf.d/inc/frontend.conf" failed (2: No such file or directory) in /etc/nginx/conf.d/nginx.conf:10
2024/12/10 08:35:44 [emerg] 1#1: open() "/etc/nginx/conf.d/inc/frontend.conf" failed (2: No such file or directory) in /etc/nginx/conf.d/nginx.conf:10
2024/12/10 08:36:11 [emerg] 1#1: open() "/etc/nginx/conf.d/inc/frontend.conf" failed (2: No such file or directory) in /etc/nginx/conf.d/nginx.conf:10
2024/12/10 08:37:11 [emerg] 1#1: open() "/etc/nginx/conf.d/inc/frontend.conf" failed (2: No such file or directory) in /etc/nginx/conf.d/app.conf:10
2024/12/10 08:37:12 [emerg] 1#1: open() "/etc/nginx/conf.d/inc/frontend.conf" failed (2: No such file or directory) in /etc/nginx/conf.d/app.conf:10
2024/12/10 08:37:13 [emerg] 1#1: open() "/etc/nginx/conf.d/inc/frontend.conf" failed (2: No such file or directory) in /etc/nginx/conf.d/app.conf:10
2024/12/10 08:37:14 [emerg] 1#1: open() "/etc/nginx/conf.d/inc/frontend.conf" failed (2: No such file or directory) in /etc/nginx/conf.d/app.conf:10
2024/12/10 08:37:15 [emerg] 1#1: open() "/etc/nginx/conf.d/inc/frontend.conf" failed (2: No such file or directory) in /etc/nginx/conf.d/app.conf:10
2024/12/10 08:37:18 [emerg] 1#1: open() "/etc/nginx/conf.d/inc/frontend.conf" failed (2: No such file or directory) in /etc/nginx/conf.d/app.conf:10
2024/12/10 08:37:22 [emerg] 1#1: open() "/etc/nginx/conf.d/inc/frontend.conf" failed (2: No such file or directory) in /etc/nginx/conf.d/app.conf:10
2024/12/10 08:37:29 [emerg] 1#1: open() "/etc/nginx/conf.d/inc/frontend.conf" failed (2: No such file or directory) in /etc/nginx/conf.d/app.conf:10
2024/12/10 08:37:42 [emerg] 1#1: open() "/etc/nginx/conf.d/inc/frontend.conf" failed (2: No such file or directory) in /etc/nginx/conf.d/app.conf:10
2024/12/10 08:38:09 [emerg] 1#1: open() "/etc/nginx/conf.d/inc/frontend.conf" failed (2: No such file or directory) in /etc/nginx/conf.d/app.conf:10
2024/12/10 08:39:01 [emerg] 1#1: open() "/etc/nginx/conf.d/inc/frontend.conf" failed (2: No such file or directory) in /etc/nginx/conf.d/app.conf:10
2024/12/10 08:40:25 [notice] 1#1: using the "epoll" event method
2024/12/10 08:40:25 [notice] 1#1: nginx/1.27.1
2024/12/10 08:40:25 [notice] 1#1: built by gcc 13.2.1 20240309 (Alpine 13.2.1_git20240309) 
2024/12/10 08:40:25 [notice] 1#1: OS: Linux 5.15.167.4-microsoft-standard-WSL2
2024/12/10 08:40:25 [notice] 1#1: getrlimit(RLIMIT_NOFILE): 1048576:1048576
2024/12/10 08:40:25 [notice] 1#1: start worker processes
2024/12/10 08:40:25 [notice] 1#1: start worker process 20
2024/12/10 08:40:25 [notice] 1#1: start worker process 21
2024/12/10 08:40:25 [notice] 1#1: start worker process 22
2024/12/10 08:40:25 [notice] 1#1: start worker process 23
2024/12/10 08:40:25 [notice] 1#1: start worker process 24
2024/12/10 08:40:25 [notice] 1#1: start worker process 25
2024/12/10 08:40:25 [notice] 1#1: start worker process 26
2024/12/10 08:40:25 [notice] 1#1: start worker process 27
2024/12/10 08:48:58 [notice] 1#1: signal 3 (SIGQUIT) received, shutting down
2024/12/10 08:48:58 [notice] 21#21: gracefully shutting down
2024/12/10 08:48:58 [notice] 20#20: gracefully shutting down
2024/12/10 08:48:58 [notice] 24#24: gracefully shutting down
2024/12/10 08:48:58 [notice] 26#26: gracefully shutting down
2024/12/10 08:48:58 [notice] 27#27: gracefully shutting down
2024/12/10 08:48:58 [notice] 22#22: gracefully shutting down
2024/12/10 08:48:58 [notice] 23#23: gracefully shutting down
2024/12/10 08:48:58 [notice] 25#25: gracefully shutting down
2024/12/10 08:48:58 [notice] 21#21: exiting
2024/12/10 08:48:58 [notice] 20#20: exiting
2024/12/10 08:48:58 [notice] 24#24: exiting
2024/12/10 08:48:58 [notice] 26#26: exiting
2024/12/10 08:48:58 [notice] 27#27: exiting
2024/12/10 08:48:58 [notice] 23#23: exiting
2024/12/10 08:48:58 [notice] 25#25: exiting
2024/12/10 08:48:58 [notice] 22#22: exiting
2024/12/10 08:48:58 [notice] 25#25: exit
2024/12/10 08:48:58 [notice] 24#24: exit
2024/12/10 08:48:58 [notice] 22#22: exit
2024/12/10 08:48:58 [notice] 23#23: exit
2024/12/10 08:48:58 [notice] 26#26: exit
2024/12/10 08:48:58 [notice] 27#27: exit
2024/12/10 08:48:58 [notice] 20#20: exit
2024/12/10 08:48:58 [notice] 21#21: exit
2024/12/10 08:48:58 [notice] 1#1: signal 17 (SIGCHLD) received from 25
2024/12/10 08:48:58 [notice] 1#1: worker process 21 exited with code 0
2024/12/10 08:48:58 [notice] 1#1: worker process 22 exited with code 0
2024/12/10 08:48:58 [notice] 1#1: worker process 23 exited with code 0
2024/12/10 08:48:58 [notice] 1#1: worker process 25 exited with code 0
2024/12/10 08:48:58 [notice] 1#1: worker process 27 exited with code 0
2024/12/10 08:48:58 [notice] 1#1: signal 29 (SIGIO) received
2024/12/10 08:48:58 [notice] 1#1: signal 17 (SIGCHLD) received from 22
2024/12/10 08:48:58 [notice] 1#1: signal 17 (SIGCHLD) received from 26
2024/12/10 08:48:58 [notice] 1#1: worker process 24 exited with code 0
2024/12/10 08:48:58 [notice] 1#1: worker process 26 exited with code 0
2024/12/10 08:48:58 [notice] 1#1: signal 29 (SIGIO) received
2024/12/10 08:48:58 [notice] 1#1: signal 17 (SIGCHLD) received from 24
2024/12/10 08:48:58 [notice] 1#1: signal 17 (SIGCHLD) received from 20
2024/12/10 08:48:58 [notice] 1#1: worker process 20 exited with code 0
2024/12/10 08:48:58 [notice] 1#1: exit
2024/12/10 08:49:12 [notice] 1#1: using the "epoll" event method
2024/12/10 08:49:12 [notice] 1#1: nginx/1.27.1
2024/12/10 08:49:12 [notice] 1#1: built by gcc 13.2.1 20240309 (Alpine 13.2.1_git20240309) 
2024/12/10 08:49:12 [notice] 1#1: OS: Linux 5.15.167.4-microsoft-standard-WSL2
2024/12/10 08:49:12 [notice] 1#1: getrlimit(RLIMIT_NOFILE): 1048576:1048576
2024/12/10 08:49:12 [notice] 1#1: start worker processes
2024/12/10 08:49:12 [notice] 1#1: start worker process 20
2024/12/10 08:49:12 [notice] 1#1: start worker process 21
2024/12/10 08:49:12 [notice] 1#1: start worker process 22
2024/12/10 08:49:12 [notice] 1#1: start worker process 23
2024/12/10 08:49:12 [notice] 1#1: start worker process 24
2024/12/10 08:49:12 [notice] 1#1: start worker process 25
2024/12/10 08:49:12 [notice] 1#1: start worker process 26
2024/12/10 08:49:12 [notice] 1#1: start worker process 27
2024/12/10 08:55:06 [notice] 1#1: signal 3 (SIGQUIT) received, shutting down
2024/12/10 08:55:06 [notice] 20#20: gracefully shutting down
2024/12/10 08:55:06 [notice] 22#22: gracefully shutting down
2024/12/10 08:55:06 [notice] 21#21: gracefully shutting down
2024/12/10 08:55:06 [notice] 23#23: gracefully shutting down
2024/12/10 08:55:06 [notice] 25#25: gracefully shutting down
2024/12/10 08:55:06 [notice] 24#24: gracefully shutting down
2024/12/10 08:55:06 [notice] 26#26: gracefully shutting down
2024/12/10 08:55:06 [notice] 27#27: gracefully shutting down
2024/12/10 08:55:06 [notice] 20#20: exiting
2024/12/10 08:55:06 [notice] 22#22: exiting
2024/12/10 08:55:06 [notice] 21#21: exiting
2024/12/10 08:55:06 [notice] 23#23: exiting
2024/12/10 08:55:06 [notice] 25#25: exiting
2024/12/10 08:55:06 [notice] 24#24: exiting
2024/12/10 08:55:06 [notice] 26#26: exiting
2024/12/10 08:55:06 [notice] 27#27: exiting
2024/12/10 08:55:06 [notice] 20#20: exit
2024/12/10 08:55:06 [notice] 22#22: exit
2024/12/10 08:55:06 [notice] 21#21: exit
2024/12/10 08:55:06 [notice] 23#23: exit
2024/12/10 08:55:06 [notice] 25#25: exit
2024/12/10 08:55:06 [notice] 24#24: exit
2024/12/10 08:55:06 [notice] 26#26: exit
2024/12/10 08:55:06 [notice] 27#27: exit
2024/12/10 08:55:06 [notice] 1#1: signal 17 (SIGCHLD) received from 24
2024/12/10 08:55:06 [notice] 1#1: worker process 24 exited with code 0
2024/12/10 08:55:06 [notice] 1#1: signal 29 (SIGIO) received
2024/12/10 08:55:06 [notice] 1#1: signal 17 (SIGCHLD) received from 23
2024/12/10 08:55:06 [notice] 1#1: worker process 23 exited with code 0
2024/12/10 08:55:06 [notice] 1#1: signal 29 (SIGIO) received
2024/12/10 08:55:06 [notice] 1#1: signal 17 (SIGCHLD) received from 27
2024/12/10 08:55:06 [notice] 1#1: worker process 25 exited with code 0
2024/12/10 08:55:06 [notice] 1#1: worker process 27 exited with code 0
2024/12/10 08:55:06 [notice] 1#1: signal 29 (SIGIO) received
2024/12/10 08:55:06 [notice] 1#1: signal 17 (SIGCHLD) received from 22
2024/12/10 08:55:06 [notice] 1#1: worker process 20 exited with code 0
2024/12/10 08:55:06 [notice] 1#1: worker process 22 exited with code 0
2024/12/10 08:55:06 [notice] 1#1: signal 29 (SIGIO) received
2024/12/10 08:55:06 [notice] 1#1: signal 17 (SIGCHLD) received from 20
2024/12/10 08:55:06 [notice] 1#1: signal 17 (SIGCHLD) received from 21
2024/12/10 08:55:06 [notice] 1#1: worker process 21 exited with code 0
2024/12/10 08:55:06 [notice] 1#1: signal 29 (SIGIO) received
2024/12/10 08:55:06 [notice] 1#1: signal 17 (SIGCHLD) received from 26
2024/12/10 08:55:06 [notice] 1#1: worker process 26 exited with code 0
2024/12/10 08:55:06 [notice] 1#1: exit
2024/12/10 08:55:32 [notice] 1#1: using the "epoll" event method
2024/12/10 08:55:32 [notice] 1#1: nginx/1.27.1
2024/12/10 08:55:32 [notice] 1#1: built by gcc 13.2.1 20240309 (Alpine 13.2.1_git20240309) 
2024/12/10 08:55:32 [notice] 1#1: OS: Linux 5.15.167.4-microsoft-standard-WSL2
2024/12/10 08:55:32 [notice] 1#1: getrlimit(RLIMIT_NOFILE): 1048576:1048576
2024/12/10 08:55:32 [notice] 1#1: start worker processes
2024/12/10 08:55:32 [notice] 1#1: start worker process 20
2024/12/10 08:55:32 [notice] 1#1: start worker process 21
2024/12/10 08:55:32 [notice] 1#1: start worker process 22
2024/12/10 08:55:32 [notice] 1#1: start worker process 23
2024/12/10 08:55:32 [notice] 1#1: start worker process 24
2024/12/10 08:55:32 [notice] 1#1: start worker process 25
2024/12/10 08:55:32 [notice] 1#1: start worker process 26
2024/12/10 08:55:32 [notice] 1#1: start worker process 27
2024/12/10 11:03:16 [notice] 1#1: signal 3 (SIGQUIT) received, shutting down
2024/12/10 11:03:16 [notice] 20#20: gracefully shutting down
2024/12/10 11:03:16 [notice] 23#23: gracefully shutting down
2024/12/10 11:03:16 [notice] 22#22: gracefully shutting down
2024/12/10 11:03:16 [notice] 21#21: gracefully shutting down
2024/12/10 11:03:16 [notice] 26#26: gracefully shutting down
2024/12/10 11:03:16 [notice] 24#24: gracefully shutting down
2024/12/10 11:03:16 [notice] 27#27: gracefully shutting down
2024/12/10 11:03:16 [notice] 25#25: gracefully shutting down
2024/12/10 11:03:16 [notice] 23#23: exiting
2024/12/10 11:03:16 [notice] 20#20: exiting
2024/12/10 11:03:16 [notice] 22#22: exiting
2024/12/10 11:03:16 [notice] 21#21: exiting
2024/12/10 11:03:16 [notice] 24#24: exiting
2024/12/10 11:03:16 [notice] 26#26: exiting
2024/12/10 11:03:16 [notice] 25#25: exiting
2024/12/10 11:03:16 [notice] 27#27: exiting
2024/12/10 11:03:16 [notice] 20#20: exit
2024/12/10 11:03:16 [notice] 23#23: exit
2024/12/10 11:03:16 [notice] 24#24: exit
2024/12/10 11:03:16 [notice] 26#26: exit
2024/12/10 11:03:16 [notice] 21#21: exit
2024/12/10 11:03:16 [notice] 22#22: exit
2024/12/10 11:03:16 [notice] 25#25: exit
2024/12/10 11:03:16 [notice] 27#27: exit
2024/12/10 11:03:16 [notice] 1#1: signal 17 (SIGCHLD) received from 23
2024/12/10 11:03:16 [notice] 1#1: worker process 22 exited with code 0
2024/12/10 11:03:16 [notice] 1#1: worker process 23 exited with code 0
2024/12/10 11:03:16 [notice] 1#1: signal 29 (SIGIO) received
2024/12/10 11:03:16 [notice] 1#1: signal 17 (SIGCHLD) received from 22
2024/12/10 11:03:16 [notice] 1#1: signal 17 (SIGCHLD) received from 20
2024/12/10 11:03:16 [notice] 1#1: worker process 20 exited with code 0
2024/12/10 11:03:16 [notice] 1#1: worker process 25 exited with code 0
2024/12/10 11:03:16 [notice] 1#1: signal 29 (SIGIO) received
2024/12/10 11:03:16 [notice] 1#1: signal 17 (SIGCHLD) received from 25
2024/12/10 11:03:16 [notice] 1#1: signal 17 (SIGCHLD) received from 26
2024/12/10 11:03:16 [notice] 1#1: worker process 26 exited with code 0
2024/12/10 11:03:16 [notice] 1#1: signal 29 (SIGIO) received
2024/12/10 11:03:16 [notice] 1#1: signal 17 (SIGCHLD) received from 24
2024/12/10 11:03:16 [notice] 1#1: worker process 24 exited with code 0
2024/12/10 11:03:16 [notice] 1#1: worker process 27 exited with code 0
2024/12/10 11:03:16 [notice] 1#1: signal 29 (SIGIO) received
2024/12/10 11:03:16 [notice] 1#1: signal 17 (SIGCHLD) received from 27
2024/12/10 11:03:16 [notice] 1#1: signal 17 (SIGCHLD) received from 21
2024/12/10 11:03:16 [notice] 1#1: worker process 21 exited with code 0
2024/12/10 11:03:16 [notice] 1#1: exit
2024/12/10 11:03:30 [notice] 1#1: using the "epoll" event method
2024/12/10 11:03:30 [notice] 1#1: nginx/1.27.1
2024/12/10 11:03:30 [notice] 1#1: built by gcc 13.2.1 20240309 (Alpine 13.2.1_git20240309) 
2024/12/10 11:03:30 [notice] 1#1: OS: Linux 5.15.167.4-microsoft-standard-WSL2
2024/12/10 11:03:30 [notice] 1#1: getrlimit(RLIMIT_NOFILE): 1048576:1048576
2024/12/10 11:03:30 [notice] 1#1: start worker processes
2024/12/10 11:03:30 [notice] 1#1: start worker process 20
2024/12/10 11:03:30 [notice] 1#1: start worker process 21
2024/12/10 11:03:30 [notice] 1#1: start worker process 22
2024/12/10 11:03:30 [notice] 1#1: start worker process 23
2024/12/10 11:03:30 [notice] 1#1: start worker process 24
2024/12/10 11:03:30 [notice] 1#1: start worker process 25
2024/12/10 11:03:30 [notice] 1#1: start worker process 26
2024/12/10 11:03:30 [notice] 1#1: start worker process 27
2024/12/10 11:03:54 [notice] 1#1: signal 3 (SIGQUIT) received, shutting down
2024/12/10 11:03:54 [notice] 21#21: gracefully shutting down
2024/12/10 11:03:54 [notice] 20#20: gracefully shutting down
2024/12/10 11:03:54 [notice] 20#20: exiting
2024/12/10 11:03:54 [notice] 27#27: gracefully shutting down
2024/12/10 11:03:54 [notice] 23#23: gracefully shutting down
2024/12/10 11:03:54 [notice] 24#24: gracefully shutting down
2024/12/10 11:03:54 [notice] 22#22: gracefully shutting down
2024/12/10 11:03:54 [notice] 26#26: gracefully shutting down
2024/12/10 11:03:54 [notice] 25#25: gracefully shutting down
2024/12/10 11:03:54 [notice] 21#21: exiting
2024/12/10 11:03:54 [notice] 20#20: exit
2024/12/10 11:03:54 [notice] 21#21: exit
2024/12/10 11:03:54 [notice] 27#27: exiting
2024/12/10 11:03:54 [notice] 23#23: exiting
2024/12/10 11:03:54 [notice] 27#27: exit
2024/12/10 11:03:54 [notice] 24#24: exiting
2024/12/10 11:03:54 [notice] 24#24: exit
2024/12/10 11:03:54 [notice] 22#22: exiting
2024/12/10 11:03:54 [notice] 26#26: exiting
2024/12/10 11:03:54 [notice] 25#25: exiting
2024/12/10 11:03:54 [notice] 23#23: exit
2024/12/10 11:03:54 [notice] 26#26: exit
2024/12/10 11:03:54 [notice] 22#22: exit
2024/12/10 11:03:54 [notice] 25#25: exit
2024/12/10 11:03:55 [notice] 1#1: signal 17 (SIGCHLD) received from 26
2024/12/10 11:03:55 [notice] 1#1: worker process 22 exited with code 0
2024/12/10 11:03:55 [notice] 1#1: worker process 26 exited with code 0
2024/12/10 11:03:55 [notice] 1#1: signal 29 (SIGIO) received
2024/12/10 11:03:55 [notice] 1#1: signal 17 (SIGCHLD) received from 22
2024/12/10 11:03:55 [notice] 1#1: signal 17 (SIGCHLD) received from 27
2024/12/10 11:03:55 [notice] 1#1: worker process 27 exited with code 0
2024/12/10 11:03:55 [notice] 1#1: signal 29 (SIGIO) received
2024/12/10 11:03:55 [notice] 1#1: signal 17 (SIGCHLD) received from 20
2024/12/10 11:03:55 [notice] 1#1: worker process 20 exited with code 0
2024/12/10 11:03:55 [notice] 1#1: worker process 23 exited with code 0
2024/12/10 11:03:55 [notice] 1#1: signal 29 (SIGIO) received
2024/12/10 11:03:55 [notice] 1#1: signal 17 (SIGCHLD) received from 24
2024/12/10 11:03:55 [notice] 1#1: worker process 24 exited with code 0
2024/12/10 11:03:55 [notice] 1#1: worker process 25 exited with code 0
2024/12/10 11:03:55 [notice] 1#1: signal 29 (SIGIO) received
2024/12/10 11:03:55 [notice] 1#1: signal 17 (SIGCHLD) received from 25
2024/12/10 11:03:55 [notice] 1#1: signal 17 (SIGCHLD) received from 21
2024/12/10 11:03:55 [notice] 1#1: worker process 21 exited with code 0
2024/12/10 11:03:55 [notice] 1#1: exit
2024/12/10 11:04:05 [notice] 1#1: using the "epoll" event method
2024/12/10 11:04:05 [notice] 1#1: nginx/1.27.1
2024/12/10 11:04:05 [notice] 1#1: built by gcc 13.2.1 20240309 (Alpine 13.2.1_git20240309) 
2024/12/10 11:04:05 [notice] 1#1: OS: Linux 5.15.167.4-microsoft-standard-WSL2
2024/12/10 11:04:05 [notice] 1#1: getrlimit(RLIMIT_NOFILE): 1048576:1048576
2024/12/10 11:04:05 [notice] 1#1: start worker processes
2024/12/10 11:04:05 [notice] 1#1: start worker process 20
2024/12/10 11:04:05 [notice] 1#1: start worker process 21
2024/12/10 11:04:05 [notice] 1#1: start worker process 22
2024/12/10 11:04:05 [notice] 1#1: start worker process 23
2024/12/10 11:04:05 [notice] 1#1: start worker process 24
2024/12/10 11:04:05 [notice] 1#1: start worker process 25
2024/12/10 11:04:05 [notice] 1#1: start worker process 26
2024/12/10 11:04:05 [notice] 1#1: start worker process 27
2024/12/10 11:07:15 [notice] 1#1: signal 3 (SIGQUIT) received, shutting down
2024/12/10 11:07:15 [notice] 20#20: gracefully shutting down
2024/12/10 11:07:15 [notice] 21#21: gracefully shutting down
2024/12/10 11:07:15 [notice] 22#22: gracefully shutting down
2024/12/10 11:07:15 [notice] 23#23: gracefully shutting down
2024/12/10 11:07:15 [notice] 23#23: exiting
2024/12/10 11:07:15 [notice] 24#24: gracefully shutting down
2024/12/10 11:07:15 [notice] 26#26: gracefully shutting down
2024/12/10 11:07:15 [notice] 25#25: gracefully shutting down
2024/12/10 11:07:15 [notice] 27#27: gracefully shutting down
2024/12/10 11:07:15 [notice] 20#20: exiting
2024/12/10 11:07:15 [notice] 21#21: exiting
2024/12/10 11:07:15 [notice] 22#22: exiting
2024/12/10 11:07:15 [notice] 21#21: exit
2024/12/10 11:07:15 [notice] 23#23: exit
2024/12/10 11:07:15 [notice] 24#24: exiting
2024/12/10 11:07:15 [notice] 26#26: exiting
2024/12/10 11:07:15 [notice] 25#25: exiting
2024/12/10 11:07:15 [notice] 27#27: exiting
2024/12/10 11:07:15 [notice] 20#20: exit
2024/12/10 11:07:15 [notice] 22#22: exit
2024/12/10 11:07:15 [notice] 24#24: exit
2024/12/10 11:07:15 [notice] 26#26: exit
2024/12/10 11:07:15 [notice] 25#25: exit
2024/12/10 11:07:15 [notice] 27#27: exit
2024/12/10 11:07:15 [notice] 1#1: signal 17 (SIGCHLD) received from 21
2024/12/10 11:07:15 [notice] 1#1: worker process 21 exited with code 0
2024/12/10 11:07:15 [notice] 1#1: signal 29 (SIGIO) received
2024/12/10 11:07:15 [notice] 1#1: signal 17 (SIGCHLD) received from 27
2024/12/10 11:07:15 [notice] 1#1: worker process 27 exited with code 0
2024/12/10 11:07:15 [notice] 1#1: signal 29 (SIGIO) received
2024/12/10 11:07:15 [notice] 1#1: signal 17 (SIGCHLD) received from 23
2024/12/10 11:07:15 [notice] 1#1: worker process 20 exited with code 0
2024/12/10 11:07:15 [notice] 1#1: worker process 22 exited with code 0
2024/12/10 11:07:15 [notice] 1#1: worker process 23 exited with code 0
2024/12/10 11:07:15 [notice] 1#1: worker process 24 exited with code 0
2024/12/10 11:07:15 [notice] 1#1: worker process 25 exited with code 0
2024/12/10 11:07:15 [notice] 1#1: worker process 26 exited with code 0
2024/12/10 11:07:15 [notice] 1#1: exit
